{
  "RSpec": {
    "coverage": {
      "/home/evan/0_github/2_SELT/Team4_SELT2020/config/environment.rb": {
        "lines": [
          null,
          1,
          null,
          null,
          1
        ]
      },
      "/home/evan/0_github/2_SELT/Team4_SELT2020/config/application.rb": {
        "lines": [
          1,
          null,
          1,
          null,
          1,
          1,
          1,
          1,
          1,
          1,
          1,
          null,
          null,
          null,
          null,
          1,
          null,
          1,
          1,
          null,
          null,
          null,
          null,
          null,
          null,
          null,
          null,
          null,
          null,
          null,
          null,
          null,
          1,
          null,
          null
        ]
      },
      "/home/evan/0_github/2_SELT/Team4_SELT2020/config/boot.rb": {
        "lines": [
          1,
          null,
          1
        ]
      },
      "/home/evan/0_github/2_SELT/Team4_SELT2020/config/environments/test.rb": {
        "lines": [
          1,
          null,
          null,
          null,
          null,
          null,
          null,
          1,
          null,
          null,
          null,
          null,
          1,
          null,
          null,
          1,
          1,
          null,
          null,
          1,
          1,
          null,
          null,
          1,
          null,
          null,
          1,
          null,
          null,
          null,
          null,
          1,
          null,
          null,
          1,
          null,
          null,
          1,
          null,
          null,
          null,
          null
        ]
      },
      "/home/evan/0_github/2_SELT/Team4_SELT2020/config/initializers/assets.rb": {
        "lines": [
          null,
          null,
          null,
          1,
          null,
          null,
          null,
          null,
          null,
          null,
          null
        ]
      },
      "/home/evan/0_github/2_SELT/Team4_SELT2020/config/initializers/backtrace_silencers.rb": {
        "lines": [
          null,
          null,
          null,
          null,
          null,
          null,
          null
        ]
      },
      "/home/evan/0_github/2_SELT/Team4_SELT2020/config/initializers/cookies_serializer.rb": {
        "lines": [
          null,
          null,
          1
        ]
      },
      "/home/evan/0_github/2_SELT/Team4_SELT2020/config/initializers/filter_parameter_logging.rb": {
        "lines": [
          null,
          null,
          null,
          1
        ]
      },
      "/home/evan/0_github/2_SELT/Team4_SELT2020/config/initializers/inflections.rb": {
        "lines": [
          null,
          null,
          null,
          null,
          null,
          null,
          null,
          null,
          null,
          null,
          null,
          null,
          null,
          null,
          null,
          null
        ]
      },
      "/home/evan/0_github/2_SELT/Team4_SELT2020/config/initializers/mime_types.rb": {
        "lines": [
          null,
          null,
          null,
          null
        ]
      },
      "/home/evan/0_github/2_SELT/Team4_SELT2020/config/initializers/session_store.rb": {
        "lines": [
          null,
          null,
          1
        ]
      },
      "/home/evan/0_github/2_SELT/Team4_SELT2020/config/initializers/to_time_preserves_timezone.rb": {
        "lines": [
          null,
          null,
          null,
          null,
          null,
          null,
          null,
          null,
          null,
          1
        ]
      },
      "/home/evan/0_github/2_SELT/Team4_SELT2020/config/initializers/wrap_parameters.rb": {
        "lines": [
          null,
          null,
          null,
          null,
          null,
          null,
          1,
          1,
          null,
          null,
          null,
          null,
          null,
          null
        ]
      },
      "/home/evan/0_github/2_SELT/Team4_SELT2020/config/routes.rb": {
        "lines": [
          1,
          null,
          null,
          null,
          null,
          null,
          1,
          1,
          1,
          1,
          1,
          1,
          1,
          1,
          1,
          1,
          1,
          1,
          1,
          1,
          1,
          1,
          1,
          1,
          1,
          1,
          1,
          1,
          null,
          null,
          null,
          null,
          null,
          null,
          null,
          null,
          null,
          null,
          null,
          null,
          null,
          null,
          null,
          null,
          null,
          null,
          null,
          null,
          null,
          null,
          null,
          null,
          null,
          null,
          null,
          null,
          null,
          null,
          null,
          null,
          null,
          null,
          null,
          null,
          null,
          null,
          null,
          null,
          null,
          null,
          null,
          null,
          null,
          null,
          null,
          null,
          null,
          null
        ]
      },
      "/home/evan/0_github/2_SELT/Team4_SELT2020/spec/spec_helper.rb": {
        "lines": [
          null,
          null,
          null,
          null,
          null,
          null,
          null,
          null,
          null,
          null,
          null,
          null,
          null,
          null,
          null,
          null,
          null,
          null,
          1,
          null,
          null,
          null,
          1,
          null,
          null,
          null,
          null,
          null,
          null,
          null,
          1,
          null,
          null,
          null,
          null,
          1,
          null,
          null,
          null,
          null,
          1,
          null,
          null,
          null,
          null,
          null,
          null,
          null,
          null,
          null,
          null,
          null,
          null,
          null,
          null,
          null,
          null,
          null,
          null,
          null,
          null,
          null,
          null,
          null,
          null,
          null,
          null,
          null,
          null,
          null,
          null,
          null,
          null,
          null,
          null,
          null,
          null,
          null,
          null,
          null,
          null,
          null,
          null,
          null,
          null,
          null,
          null,
          null,
          null,
          null,
          null,
          null,
          null,
          null
        ]
      },
      "/home/evan/0_github/2_SELT/Team4_SELT2020/app/helpers/application_helper.rb": {
        "lines": [
          1,
          null
        ]
      },
      "/home/evan/0_github/2_SELT/Team4_SELT2020/spec/support/patch.rb": {
        "lines": [
          null,
          null,
          1,
          1,
          1,
          1,
          null,
          108,
          108,
          108,
          null,
          null,
          null,
          null,
          null
        ]
      },
      "/home/evan/0_github/2_SELT/Team4_SELT2020/app/controllers/cards_controller.rb": {
        "lines": [
          null,
          1,
          1,
          1,
          null,
          null,
          1,
          2,
          1,
          null,
          1,
          null,
          null,
          1,
          6,
          6,
          4,
          4,
          2,
          1,
          1,
          null,
          1,
          null,
          null,
          1,
          22,
          22,
          21,
          9,
          null,
          null,
          null,
          1,
          2,
          2,
          2,
          2,
          1,
          1,
          null,
          1,
          null,
          null,
          2,
          null,
          1,
          12,
          12,
          12,
          12,
          3,
          3,
          9,
          8,
          8,
          null,
          1,
          null,
          null,
          12,
          null,
          1,
          2,
          2,
          2,
          2,
          1,
          null,
          1,
          null,
          null,
          null,
          2,
          2,
          null,
          1,
          2,
          2,
          2,
          null,
          2,
          2,
          null,
          1,
          6,
          6,
          6,
          null,
          1,
          1,
          1,
          null,
          null,
          2,
          1,
          1,
          null,
          null,
          3,
          2,
          2,
          null,
          null,
          6,
          4,
          4,
          null,
          2,
          2,
          null,
          null,
          1,
          7,
          7,
          null,
          3,
          1,
          1,
          null,
          1,
          1,
          null,
          2,
          2,
          null,
          2,
          2,
          null,
          null,
          4,
          2,
          2,
          null,
          2,
          2,
          null,
          2,
          2,
          null,
          2,
          2,
          null,
          null,
          null,
          1,
          2,
          2,
          2,
          2,
          2,
          2,
          1,
          1,
          null,
          null,
          2,
          1,
          1,
          null,
          1,
          1,
          null,
          null,
          1,
          8,
          6,
          6,
          6,
          6,
          5,
          4,
          4,
          4,
          4,
          1,
          1,
          1,
          1,
          1,
          null,
          null,
          null,
          6,
          1,
          null,
          null,
          2,
          2,
          1,
          null,
          1,
          null,
          null,
          8,
          null,
          1,
          10,
          10,
          10,
          10,
          null,
          10,
          10,
          null,
          1,
          2,
          1,
          1,
          null,
          1,
          1,
          1,
          1,
          null,
          1,
          null,
          null,
          null,
          1,
          3,
          1,
          1,
          null,
          2,
          2,
          2,
          2,
          null,
          2,
          null,
          null,
          1,
          1,
          null,
          null,
          1,
          6,
          null,
          null
        ]
      },
      "/home/evan/0_github/2_SELT/Team4_SELT2020/app/controllers/application_controller.rb": {
        "lines": [
          1,
          1,
          null,
          null,
          1,
          null,
          1,
          108,
          null,
          null
        ]
      },
      "/home/evan/0_github/2_SELT/Team4_SELT2020/spec/controllers/tables_controller_spec.rb": {
        "lines": [
          1,
          1,
          null,
          1,
          1,
          1,
          1,
          1,
          1,
          null,
          1,
          1,
          null,
          null,
          1,
          1,
          1,
          1,
          null,
          1,
          1,
          1,
          1,
          null,
          1,
          1,
          1,
          null,
          1,
          1,
          1,
          1,
          1,
          null,
          1,
          1,
          1,
          null,
          1,
          1,
          1,
          null,
          null
        ]
      },
      "/home/evan/0_github/2_SELT/Team4_SELT2020/app/controllers/tables_controller.rb": {
        "lines": [
          1,
          1,
          null,
          1,
          7,
          null,
          1,
          1,
          1,
          null,
          null,
          1,
          4,
          4,
          1,
          1,
          null,
          3,
          3,
          3,
          3,
          3,
          null,
          null,
          1,
          1,
          1,
          1,
          1,
          1,
          1,
          null,
          1,
          null,
          1,
          4,
          null,
          null,
          1,
          null,
          null,
          null
        ]
      },
      "/home/evan/0_github/2_SELT/Team4_SELT2020/spec/controllers/users_controller_spec.rb": {
        "lines": [
          1,
          1,
          null,
          1,
          1,
          1,
          1,
          1,
          1,
          1,
          1,
          1,
          1,
          null,
          null,
          1,
          1,
          1,
          1,
          null,
          1,
          1,
          1,
          1,
          1,
          1,
          null,
          1,
          1,
          1,
          1,
          1,
          1,
          1,
          1,
          1,
          null,
          1,
          1,
          1,
          1,
          1,
          2,
          null,
          1,
          1,
          1,
          1,
          null,
          1,
          1,
          1,
          1,
          null,
          1,
          1,
          1,
          1,
          null,
          1,
          1,
          1,
          1,
          null,
          1,
          1,
          1,
          1,
          null,
          1,
          1,
          1,
          1,
          null,
          null,
          1,
          1,
          1,
          1,
          1,
          null,
          1,
          1,
          1,
          1,
          null,
          null,
          null
        ]
      },
      "/home/evan/0_github/2_SELT/Team4_SELT2020/app/controllers/users_controller.rb": {
        "lines": [
          1,
          1,
          1,
          null,
          1,
          null,
          null,
          null,
          1,
          1,
          1,
          null,
          null,
          1,
          null,
          1,
          1,
          1,
          1,
          1,
          null,
          0,
          null,
          0,
          null,
          null,
          1,
          null,
          3,
          1,
          1,
          null,
          2,
          2,
          2,
          2,
          null,
          null,
          1,
          1,
          1,
          null,
          1,
          1,
          1,
          1,
          null,
          null,
          null
        ]
      },
      "/home/evan/0_github/2_SELT/Team4_SELT2020/spec/models/card_spec.rb": {
        "lines": [
          1,
          1
        ]
      },
      "/home/evan/0_github/2_SELT/Team4_SELT2020/app/models/table.rb": {
        "lines": [
          1,
          1,
          1,
          1,
          null
        ]
      },
      "/home/evan/0_github/2_SELT/Team4_SELT2020/app/models/card.rb": {
        "lines": [
          1,
          1,
          null
        ]
      },
      "/home/evan/0_github/2_SELT/Team4_SELT2020/app/models/user.rb": {
        "lines": [
          null,
          1,
          1,
          null,
          1,
          1,
          1,
          null,
          null,
          null,
          null,
          null,
          1,
          null,
          2,
          null,
          null,
          null,
          null,
          2,
          null,
          null
        ]
      }
    },
    "timestamp": 1607796995
  }
}
